

Version:	3.50
CmdLine:	C:\Users\Wagner Alcantara\Documents\NetBeansProjects\RuletaAleatorio\dist\RuletaAleatoria.exe --l4j-debug
JNI:		No
WOW64:		Yes
Working dir:	C:\Users\Wagner Alcantara\Documents\NetBeansProjects\RuletaAleatorio\dist\.
Requires JDK:	No
Requires 64-Bit: No
Java min ver:	
Java max ver:	
Substitute:	JAVA_HOME = 
Substitute:	PATH = C:\Program Files\Common Files\Oracle\Java\javapath;C:\Program Files (x86)\Common Files\Oracle\Java\java8path;C:\Program Files (x86)\Common Files\Oracle\Java\javapath;C:\WINDOWS\system32;C:\WINDOWS;C:\WINDOWS\System32\Wbem;C:\WINDOWS\System32\WindowsPowerShell\v1.0\;C:\WINDOWS\System32\OpenSSH\;C:\Program Files\Java\jdk-17.0.2\bin;C:\Program Files\CodeBlocks\MinGW\bin;C:\Windows\Microsoft.NET\Framework64\v4.0.30319;C:\xampp\php;C:\xampp\htdocs\PhpProject3;C:\Program Files\Java\jdk-19\bin;C:\ProgramData\chocolatey\bin;C:\Program Files\Microsoft SQL Server\150\Tools\Binn\;C:\Program Files (x86)\Microsoft SQL Server\160\Tools\Binn\;C:\Program Files\Microsoft SQL Server\160\Tools\Binn\;C:\Program Files\Microsoft SQL Server\Client SDK\ODBC\170\Tools\Binn\;C:\Program Files\Microsoft SQL Server\160\DTS\Binn\;C:\Program Files\dotnet\;H:\compreso\jdk-21\bin;C:\Program Files\Git\cmd;C:\Program Files\nodejs\;H:\compreso\jdk-21\bin;C:\Program Files\MongoDB\Server\7.0\bin;C:\Users\Wagner Alcantara\AppData\Local\Microsoft\WindowsApps;C:\Program Files\BioStar 2(x64)\ve\dist\lib\bsve\dll;C:\Users\Wagner Alcantara\AppData\Roaming\Composer\vendor\bin;C:\Program Files\Azure Data Studio\bin;C:\Program Files (x86)\Java\jre-1.8;C:\Users\Wagner Alcantara\AppData\Local\Programs\Microsoft VS Code\bin;C:\Users\Wagner Alcantara\.dotnet\tools;C:\Users\Wagner Alcantara\AppData\Roaming\npm;C:\Program Files\MongoDB\Server\7.0\bin;C:\ProgramData\Wagner Alcantara\GitHubDesktop\bin;C:\Users\Wagner Alcantara\AppData\Local\GitHubDesktop\bin;H:\compreso\jdk-21\bin
JRE paths:	;C:\Program Files\Common Files\Oracle\Java\javapath;C:\Program Files (x86)\Common Files\Oracle\Java\java8path;C:\Program Files (x86)\Common Files\Oracle\Java\javapath;C:\WINDOWS\system32;C:\WINDOWS;C:\WINDOWS\System32\Wbem;C:\WINDOWS\System32\WindowsPowerShell\v1.0\;C:\WINDOWS\System32\OpenSSH\;C:\Program Files\Java\jdk-17.0.2\bin;C:\Program Files\CodeBlocks\MinGW\bin;C:\Windows\Microsoft.NET\Framework64\v4.0.30319;C:\xampp\php;C:\xampp\htdocs\PhpProject3;C:\Program Files\Java\jdk-19\bin;C:\ProgramData\chocolatey\bin;C:\Program Files\Microsoft SQL Server\150\Tools\Binn\;C:\Program Files (x86)\Microsoft SQL Server\160\Tools\Binn\;C:\Program Files\Microsoft SQL Server\160\Tools\Binn\;C:\Program Files\Microsoft SQL Server\Client SDK\ODBC\170\Tools\Binn\;C:\Program Files\Microsoft SQL Server\160\DTS\Binn\;C:\Program Files\dotnet\;H:\compreso\jdk-21\bin;C:\Program Files\Git\cmd;C:\Program Files\nodejs\;H:\compreso\jdk-21\bin;C:\Program Files\MongoDB\Server\7.0\bin;C:\Users\Wagner Alcantara\AppData\Local\Microsoft\WindowsApps;C:\Program Files\BioStar 2(x64)\ve\dist\lib\bsve\dll;C:\Users\Wagner Alcantara\AppData\Roaming\Composer\vendor\bin;C:\Program Files\Azure Data Studio\bin;C:\Program Files (x86)\Java\jre-1.8;C:\Users\Wagner Alcantara\AppData\Local\Programs\Microsoft VS Code\bin;C:\Users\Wagner Alcantara\.dotnet\tools;C:\Users\Wagner Alcantara\AppData\Roaming\npm;C:\Program Files\MongoDB\Server\7.0\bin;C:\ProgramData\Wagner Alcantara\GitHubDesktop\bin;C:\Users\Wagner Alcantara\AppData\Local\GitHubDesktop\bin;H:\compreso\jdk-21\bin
Check launcher:	C:\Program Files\Common Files\Oracle\Java\javapath\bin\javaw.exe (not found)
Check launcher:	C:\Program Files (x86)\Common Files\Oracle\Java\java8path\bin\javaw.exe (not found)
Check launcher:	C:\Program Files (x86)\Common Files\Oracle\Java\javapath\bin\javaw.exe (not found)
Check launcher:	C:\WINDOWS\system32\bin\javaw.exe (not found)
Check launcher:	C:\WINDOWS\bin\javaw.exe (not found)
Check launcher:	C:\WINDOWS\System32\Wbem\bin\javaw.exe (not found)
Check launcher:	C:\WINDOWS\System32\WindowsPowerShell\v1.0\bin\javaw.exe (not found)
Check launcher:	C:\WINDOWS\System32\OpenSSH\bin\javaw.exe (not found)
Check launcher:	C:\Program Files\Java\jdk-17.0.2\bin\javaw.exe (not found)
Check launcher:	C:\Program Files\CodeBlocks\MinGW\bin\javaw.exe (not found)
Check launcher:	C:\Windows\Microsoft.NET\Framework64\v4.0.30319\bin\javaw.exe (not found)
Check launcher:	C:\xampp\php\bin\javaw.exe (not found)
Check launcher:	C:\xampp\htdocs\PhpProject3\bin\javaw.exe (not found)
Check launcher:	C:\Program Files\Java\jdk-19\bin\javaw.exe (not found)
Check launcher:	C:\ProgramData\chocolatey\bin\javaw.exe (not found)
Check launcher:	C:\Program Files\Microsoft SQL Server\150\Tools\Binn\bin\javaw.exe (not found)
Check launcher:	C:\Program Files (x86)\Microsoft SQL Server\160\Tools\Binn\bin\javaw.exe (not found)
Check launcher:	C:\Program Files\Microsoft SQL Server\160\Tools\Binn\bin\javaw.exe (not found)
Check launcher:	C:\Program Files\Microsoft SQL Server\Client SDK\ODBC\170\Tools\Binn\bin\javaw.exe (not found)
Check launcher:	C:\Program Files\Microsoft SQL Server\160\DTS\Binn\bin\javaw.exe (not found)
Check launcher:	C:\Program Files\dotnet\bin\javaw.exe (not found)
Check launcher:	H:\compreso\jdk-21\bin\javaw.exe (OK)
Version string: 1.021.000 / 64-Bit (OK)
Launcher:	H:\compreso\jdk-21\bin\javaw.exe
Launcher args:	-jar "C:\Users\Wagner Alcantara\Documents\NetBeansProjects\RuletaAleatorio\dist\RuletaAleatoria.exe"
Args length:	100/32768 chars
Exit code:	0
